<?xml version="1.0" encoding="UTF-8"?>
<!-- Generated by org.testng.reporters.JUnitXMLReporter -->
<testsuite ignored="2" hostname="DESKTOP-VRBAL0D" failures="0" tests="1" name="Default test" time="17.289" errors="0" timestamp="2023-02-02T13:12:52 IST">
  <testcase classname="com.rafter.testcases.LoginPageTest" name="validateLoginTest" time="2.578"/>
  <testcase classname="com.rafter.testcases.LoginPageTest" name="validateTitleTest" time="0.0">
    <ignored/>
  </testcase> <!-- validateTitleTest -->
  <testcase classname="com.rafter.testcases.LoginPageTest" name="forgotPasswordTest" time="0.0">
    <ignored/>
  </testcase> <!-- forgotPasswordTest -->
</testsuite> <!-- Default test -->
