<?xml version="1.0" encoding="UTF-8"?>
<!-- Generated by org.testng.reporters.JUnitXMLReporter -->
<testsuite ignored="0" hostname="DESKTOP-VRBAL0D" failures="0" tests="5" name="Test" time="76.898" errors="0" timestamp="2023-02-02T13:36:48 IST">
  <testcase classname="com.rafter.testcases.DashboardPageTest" name="dashboardLabel" time="3.605"/>
  <testcase classname="com.rafter.testcases.DashboardPageTest" name="timeAtWorkSectionPresent" time="3.049"/>
  <testcase classname="com.rafter.testcases.LoginPageTest" name="forgotPasswordTest" time="0.001"/>
  <testcase classname="com.rafter.testcases.LoginPageTest" name="validateLoginTest" time="2.249"/>
  <testcase classname="com.rafter.testcases.LoginPageTest" name="validateTitleTest" time="0.007"/>
</testsuite> <!-- Test -->
