<?xml version="1.0" encoding="UTF-8"?>
<!-- Generated by org.testng.reporters.JUnitXMLReporter -->
<testsuite ignored="0" hostname="DESKTOP-VRBAL0D" failures="0" tests="5" name="Test" time="80.439" errors="0" timestamp="2023-02-02T13:43:16 IST">
  <testcase classname="com.rafter.testcases.DashboardPageTest" name="dashboardLabel" time="2.85"/>
  <testcase classname="com.rafter.testcases.DashboardPageTest" name="timeAtWorkSectionPresent" time="1.542"/>
  <testcase classname="com.rafter.testcases.LoginPageTest" name="forgotPasswordTest" time="0.0"/>
  <testcase classname="com.rafter.testcases.LoginPageTest" name="validateLoginTest" time="2.665"/>
  <testcase classname="com.rafter.testcases.LoginPageTest" name="validateTitleTest" time="0.024"/>
</testsuite> <!-- Test -->
