<?xml version="1.0" encoding="UTF-8"?>
<testng-results ignored="0" total="5" passed="5" failed="0" skipped="0">
  <reporter-output>
  </reporter-output>
  <suite started-at="2023-02-02T13:41:56 IST" name="Suite" finished-at="2023-02-02T13:43:16 IST" duration-ms="80439">
    <groups>
    </groups>
    <test started-at="2023-02-02T13:41:56 IST" name="Test" finished-at="2023-02-02T13:43:16 IST" duration-ms="80439">
      <class name="com.rafter.testcases.DashboardPageTest">
        <test-method is-config="true" signature="browserConfig()[pri:0, instance:com.rafter.testcases.DashboardPageTest@6221a451]" started-at="2023-02-02T13:41:56 IST" name="browserConfig" finished-at="2023-02-02T13:42:13 IST" duration-ms="17037" status="PASS">
          <reporter-output>
          </reporter-output>
        </test-method> <!-- browserConfig -->
        <test-method signature="dashboardLabel()[pri:0, instance:com.rafter.testcases.DashboardPageTest@6221a451]" started-at="2023-02-02T13:42:13 IST" name="dashboardLabel" finished-at="2023-02-02T13:42:16 IST" duration-ms="2850" status="PASS">
          <reporter-output>
          </reporter-output>
        </test-method> <!-- dashboardLabel -->
        <test-method is-config="true" signature="closeBrowserSetup()[pri:0, instance:com.rafter.testcases.DashboardPageTest@6221a451]" started-at="2023-02-02T13:42:16 IST" name="closeBrowserSetup" finished-at="2023-02-02T13:42:17 IST" duration-ms="1054" status="PASS">
          <reporter-output>
          </reporter-output>
        </test-method> <!-- closeBrowserSetup -->
        <test-method is-config="true" signature="browserConfig()[pri:0, instance:com.rafter.testcases.DashboardPageTest@6221a451]" started-at="2023-02-02T13:42:17 IST" name="browserConfig" finished-at="2023-02-02T13:42:31 IST" duration-ms="14610" status="PASS">
          <reporter-output>
          </reporter-output>
        </test-method> <!-- browserConfig -->
        <test-method signature="timeAtWorkSectionPresent()[pri:0, instance:com.rafter.testcases.DashboardPageTest@6221a451]" started-at="2023-02-02T13:42:31 IST" name="timeAtWorkSectionPresent" finished-at="2023-02-02T13:42:33 IST" duration-ms="1542" status="PASS">
          <reporter-output>
          </reporter-output>
        </test-method> <!-- timeAtWorkSectionPresent -->
        <test-method is-config="true" signature="closeBrowserSetup()[pri:0, instance:com.rafter.testcases.DashboardPageTest@6221a451]" started-at="2023-02-02T13:42:33 IST" name="closeBrowserSetup" finished-at="2023-02-02T13:42:34 IST" duration-ms="1034" status="PASS">
          <reporter-output>
          </reporter-output>
        </test-method> <!-- closeBrowserSetup -->
      </class> <!-- com.rafter.testcases.DashboardPageTest -->
      <class name="com.rafter.testcases.LoginPageTest">
        <test-method is-config="true" signature="browserConfig()[pri:0, instance:com.rafter.testcases.LoginPageTest@3e8c3cb]" started-at="2023-02-02T13:42:34 IST" name="browserConfig" finished-at="2023-02-02T13:42:49 IST" duration-ms="15162" status="PASS">
          <reporter-output>
          </reporter-output>
        </test-method> <!-- browserConfig -->
        <test-method signature="forgotPasswordTest()[pri:0, instance:com.rafter.testcases.LoginPageTest@3e8c3cb]" started-at="2023-02-02T13:42:49 IST" name="forgotPasswordTest" finished-at="2023-02-02T13:42:49 IST" duration-ms="0" status="PASS">
          <reporter-output>
          </reporter-output>
        </test-method> <!-- forgotPasswordTest -->
        <test-method is-config="true" signature="closeBrowserSetup()[pri:0, instance:com.rafter.testcases.LoginPageTest@3e8c3cb]" started-at="2023-02-02T13:42:49 IST" name="closeBrowserSetup" finished-at="2023-02-02T13:42:50 IST" duration-ms="801" status="PASS">
          <reporter-output>
          </reporter-output>
        </test-method> <!-- closeBrowserSetup -->
        <test-method is-config="true" signature="browserConfig()[pri:0, instance:com.rafter.testcases.LoginPageTest@3e8c3cb]" started-at="2023-02-02T13:42:50 IST" name="browserConfig" finished-at="2023-02-02T13:43:01 IST" duration-ms="10824" status="PASS">
          <reporter-output>
          </reporter-output>
        </test-method> <!-- browserConfig -->
        <test-method signature="validateLoginTest()[pri:0, instance:com.rafter.testcases.LoginPageTest@3e8c3cb]" started-at="2023-02-02T13:43:01 IST" name="validateLoginTest" finished-at="2023-02-02T13:43:03 IST" duration-ms="2665" status="PASS">
          <reporter-output>
          </reporter-output>
        </test-method> <!-- validateLoginTest -->
        <test-method is-config="true" signature="closeBrowserSetup()[pri:0, instance:com.rafter.testcases.LoginPageTest@3e8c3cb]" started-at="2023-02-02T13:43:03 IST" name="closeBrowserSetup" finished-at="2023-02-02T13:43:04 IST" duration-ms="832" status="PASS">
          <reporter-output>
          </reporter-output>
        </test-method> <!-- closeBrowserSetup -->
        <test-method is-config="true" signature="browserConfig()[pri:0, instance:com.rafter.testcases.LoginPageTest@3e8c3cb]" started-at="2023-02-02T13:43:04 IST" name="browserConfig" finished-at="2023-02-02T13:43:15 IST" duration-ms="11014" status="PASS">
          <reporter-output>
          </reporter-output>
        </test-method> <!-- browserConfig -->
        <test-method signature="validateTitleTest()[pri:0, instance:com.rafter.testcases.LoginPageTest@3e8c3cb]" started-at="2023-02-02T13:43:15 IST" name="validateTitleTest" finished-at="2023-02-02T13:43:15 IST" duration-ms="24" status="PASS">
          <reporter-output>
          </reporter-output>
        </test-method> <!-- validateTitleTest -->
        <test-method is-config="true" signature="closeBrowserSetup()[pri:0, instance:com.rafter.testcases.LoginPageTest@3e8c3cb]" started-at="2023-02-02T13:43:15 IST" name="closeBrowserSetup" finished-at="2023-02-02T13:43:16 IST" duration-ms="847" status="PASS">
          <reporter-output>
          </reporter-output>
        </test-method> <!-- closeBrowserSetup -->
      </class> <!-- com.rafter.testcases.LoginPageTest -->
    </test> <!-- Test -->
  </suite> <!-- Suite -->
</testng-results>
