<?xml version="1.0" encoding="UTF-8"?>
<testng-results ignored="1" total="3" passed="2" failed="0" skipped="0">
  <reporter-output>
  </reporter-output>
  <suite started-at="2023-02-09T14:07:26 IST" name="Default suite" finished-at="2023-02-09T14:07:59 IST" duration-ms="32676">
    <groups>
    </groups>
    <test started-at="2023-02-09T14:07:26 IST" name="Default test" finished-at="2023-02-09T14:07:59 IST" duration-ms="32676">
      <class name="com.rafter.testcases.LoginPageTest">
        <test-method is-config="true" signature="reportSetup()[pri:0, instance:com.rafter.testcases.LoginPageTest@4efac082]" started-at="2023-02-09T14:07:26 IST" name="reportSetup" finished-at="2023-02-09T14:07:27 IST" duration-ms="367" status="PASS">
          <reporter-output>
          </reporter-output>
        </test-method> <!-- reportSetup -->
        <test-method is-config="true" signature="browserConfig()[pri:0, instance:com.rafter.testcases.LoginPageTest@4efac082]" started-at="2023-02-09T14:07:27 IST" name="browserConfig" finished-at="2023-02-09T14:07:44 IST" duration-ms="17223" status="PASS">
          <reporter-output>
          </reporter-output>
        </test-method> <!-- browserConfig -->
        <test-method signature="validateLoginTest()[pri:0, instance:com.rafter.testcases.LoginPageTest@4efac082]" started-at="2023-02-09T14:07:44 IST" name="validateLoginTest" finished-at="2023-02-09T14:07:46 IST" duration-ms="2524" status="PASS">
          <reporter-output>
          </reporter-output>
        </test-method> <!-- validateLoginTest -->
        <test-method is-config="true" signature="closeBrowserSetup()[pri:0, instance:com.rafter.testcases.LoginPageTest@4efac082]" started-at="2023-02-09T14:07:46 IST" name="closeBrowserSetup" finished-at="2023-02-09T14:07:47 IST" duration-ms="770" status="PASS">
          <reporter-output>
          </reporter-output>
        </test-method> <!-- closeBrowserSetup -->
        <test-method is-config="true" signature="browserConfig()[pri:0, instance:com.rafter.testcases.LoginPageTest@4efac082]" started-at="2023-02-09T14:07:47 IST" name="browserConfig" finished-at="2023-02-09T14:07:58 IST" duration-ms="10563" status="PASS">
          <reporter-output>
          </reporter-output>
        </test-method> <!-- browserConfig -->
        <test-method signature="validateTitleTest()[pri:0, instance:com.rafter.testcases.LoginPageTest@4efac082]" started-at="2023-02-09T14:07:58 IST" name="validateTitleTest" finished-at="2023-02-09T14:07:58 IST" duration-ms="15" status="PASS">
          <reporter-output>
          </reporter-output>
        </test-method> <!-- validateTitleTest -->
        <test-method is-config="true" signature="closeBrowserSetup()[pri:0, instance:com.rafter.testcases.LoginPageTest@4efac082]" started-at="2023-02-09T14:07:58 IST" name="closeBrowserSetup" finished-at="2023-02-09T14:07:58 IST" duration-ms="778" status="PASS">
          <reporter-output>
          </reporter-output>
        </test-method> <!-- closeBrowserSetup -->
        <test-method is-config="true" signature="generateReport()[pri:0, instance:com.rafter.testcases.LoginPageTest@4efac082]" started-at="2023-02-09T14:07:58 IST" name="generateReport" finished-at="2023-02-09T14:07:59 IST" duration-ms="399" status="PASS">
          <reporter-output>
          </reporter-output>
        </test-method> <!-- generateReport -->
      </class> <!-- com.rafter.testcases.LoginPageTest -->
    </test> <!-- Default test -->
  </suite> <!-- Default suite -->
</testng-results>
